<?xml version="1.0" encoding="UTF-8"?>
<testng-results ignored="0" total="1" passed="1" failed="0" skipped="0">
  <reporter-output>
  </reporter-output>
  <suite started-at="2024-03-18T00:05:37 IST" name="Default suite" finished-at="2024-03-18T00:05:40 IST" duration-ms="3109">
    <groups>
    </groups>
    <test started-at="2024-03-18T00:05:37 IST" name="Default test" finished-at="2024-03-18T00:05:40 IST" duration-ms="3109">
      <class name="basic.OrgTest">
        <test-method signature="CreateOrgTest()[pri:0, instance:basic.OrgTest@69997e9d]" started-at="2024-03-18T00:05:37 IST" name="CreateOrgTest" finished-at="2024-03-18T00:05:40 IST" duration-ms="3079" status="PASS">
          <reporter-output>
          </reporter-output>
        </test-method> <!-- CreateOrgTest -->
      </class> <!-- basic.OrgTest -->
    </test> <!-- Default test -->
  </suite> <!-- Default suite -->
</testng-results>
